<?xml version="1.0" encoding="UTF-8"?>
<testsuite xmlns:xsi="http://www.w3.org/2001/XMLSchema-instance" xsi:noNamespaceSchemaLocation="https://maven.apache.org/surefire/maven-surefire-plugin/xsd/surefire-test-report.xsd" version="3.0.2" name="com.example.healthcheck.HealthcheckApplicationTests" time="4.882" tests="1" errors="0" skipped="0" failures="0">
  <properties>
[...]
</properties>
  <testcase name="contextLoads" classname="com.example.healthcheck.HealthcheckApplicationTests" time="0.917">
    <system-out><![CDATA[00:40:54.879 [main] INFO org.springframework.test.context.support.AnnotationConfigContextLoaderUtils -- Could not detect default configuration classes for test class [com.example.healthcheck.HealthcheckApplicationTests]: HealthcheckApplicationTests does not declare any static, non-private, non-final, nested classes annotated with @Configuration.
00:40:55.075 [main] INFO org.springframework.boot.test.context.SpringBootTestContextBootstrapper -- Found @SpringBootConfiguration com.example.healthcheck.HealthcheckApplication for test class com.example.healthcheck.HealthcheckApplicationTests

  .   ____          _            __ _ _
 /\\ / ___'_ __ _ _(_)_ __  __ _ \ \ \ \
( ( )\___ | '_ | '_| | '_ \/ _` | \ \ \ \
 \\/  ___)| |_)| | | | | || (_| |  ) ) ) )
  '  |____| .__|_| |_|_| |_\__, | / / / /
 =========|_|==============|___/=/_/_/_/

 :: Spring Boot ::                (v3.5.5)

2025-08-26T00:40:55.806+05:30  INFO 10896 --- [healthcheck] [           main] c.e.h.HealthcheckApplicationTests        : Starting HealthcheckApplicationTests using Java 24.0.2 with PID 10896 (started by Junaid Mansuri in D:\Junaid Mansuri\Downloads\healthcheck\healthcheck)
2025-08-26T00:40:55.809+05:30  INFO 10896 --- [healthcheck] [           main] c.e.h.HealthcheckApplicationTests        : No active profile set, falling back to 1 default profile: "default"
2025-08-26T00:40:58.317+05:30  INFO 10896 --- [healthcheck] [           main] o.s.b.a.e.web.EndpointLinksResolver      : Exposing 1 endpoint beneath base path '/actuator'
2025-08-26T00:40:58.411+05:30  INFO 10896 --- [healthcheck] [           main] c.e.h.HealthcheckApplicationTests        : Started HealthcheckApplicationTests in 3.105 seconds (process running for 4.584)
]]></system-out>
    <system-err><![CDATA[Mockito is currently self-attaching to enable the inline-mock-maker. This will no longer work in future releases of the JDK. Please add Mockito as an agent to your build as described in Mockito's documentation: https://javadoc.io/doc/org.mockito/mockito-core/latest/org.mockito/org/mockito/Mockito.html#0.3
WARNING: A Java agent has been loaded dynamically (C:\Users\Junaid Mansuri\.m2\repository\net\bytebuddy\byte-buddy-agent\1.17.7\byte-buddy-agent-1.17.7.jar)
WARNING: If a serviceability tool is in use, please run with -XX:+EnableDynamicAgentLoading to hide this warning
WARNING: If a serviceability tool is not in use, please run with -Djdk.instrument.traceUsage for more information
WARNING: Dynamic loading of agents will be disallowed by default in a future release
]]></system-err>
  </testcase>
</testsuite>